<?xml version="1.0" encoding="UTF-8"?>
<testsuite name="com.hrManagement.unit.logica.EmpleadoLogicaTest" tests="10" skipped="0" failures="0" errors="0" timestamp="2023-09-29T19:55:15" hostname="DESKTOP-OJ4FGVN" time="0.071">
  <properties/>
  <testcase name="testObtenerEmpleadoPorIDNotFound()" classname="com.hrManagement.unit.logica.EmpleadoLogicaTest" time="0.007"/>
  <testcase name="testObtenerEmpleadoPorID()" classname="com.hrManagement.unit.logica.EmpleadoLogicaTest" time="0.004"/>
  <testcase name="testEliminarEmpleado()" classname="com.hrManagement.unit.logica.EmpleadoLogicaTest" time="0.008"/>
  <testcase name="testObtenerTodosLosEmpleados()" classname="com.hrManagement.unit.logica.EmpleadoLogicaTest" time="0.005"/>
  <testcase name="testGuardarEmpleadoAlreadyExists()" classname="com.hrManagement.unit.logica.EmpleadoLogicaTest" time="0.01"/>
  <testcase name="testModificarEmpleado()" classname="com.hrManagement.unit.logica.EmpleadoLogicaTest" time="0.006"/>
  <testcase name="testObtenerEmpleadosPorCargo()" classname="com.hrManagement.unit.logica.EmpleadoLogicaTest" time="0.004"/>
  <testcase name="testEliminarEmpleadoNotFound()" classname="com.hrManagement.unit.logica.EmpleadoLogicaTest" time="0.005"/>
  <testcase name="testGuardarEmpleado()" classname="com.hrManagement.unit.logica.EmpleadoLogicaTest" time="0.006"/>
  <testcase name="testModificarEmpleadoNotFound()" classname="com.hrManagement.unit.logica.EmpleadoLogicaTest" time="0.005"/>
  <system-out><![CDATA[2023-09-29 14:55:15.731  INFO 21704 --- [    Test worker] .b.t.c.SpringBootTestContextBootstrapper : Neither @ContextConfiguration nor @ContextHierarchy found for test class [com.hrManagement.unit.logica.EmpleadoLogicaTest], using SpringBootContextLoader
2023-09-29 14:55:15.733  INFO 21704 --- [    Test worker] o.s.t.c.support.AbstractContextLoader    : Could not detect default resource locations for test class [com.hrManagement.unit.logica.EmpleadoLogicaTest]: no resource found for suffixes {-context.xml, Context.groovy}.
2023-09-29 14:55:15.734  INFO 21704 --- [    Test worker] t.c.s.AnnotationConfigContextLoaderUtils : Could not detect default configuration classes for test class [com.hrManagement.unit.logica.EmpleadoLogicaTest]: EmpleadoLogicaTest does not declare any static, non-private, non-final, nested classes annotated with @Configuration.
2023-09-29 14:55:15.742  INFO 21704 --- [    Test worker] .b.t.c.SpringBootTestContextBootstrapper : Found @SpringBootConfiguration com.hrManagement.HrmanamentApplication for test class com.hrManagement.unit.logica.EmpleadoLogicaTest
2023-09-29 14:55:15.744  INFO 21704 --- [    Test worker] .b.t.c.SpringBootTestContextBootstrapper : Loaded default TestExecutionListener class names from location [META-INF/spring.factories]: [org.springframework.boot.test.autoconfigure.restdocs.RestDocsTestExecutionListener, org.springframework.boot.test.autoconfigure.web.client.MockRestServiceServerResetTestExecutionListener, org.springframework.boot.test.autoconfigure.web.servlet.MockMvcPrintOnlyOnFailureTestExecutionListener, org.springframework.boot.test.autoconfigure.web.servlet.WebDriverTestExecutionListener, org.springframework.boot.test.autoconfigure.webservices.client.MockWebServiceServerTestExecutionListener, org.springframework.boot.test.mock.mockito.MockitoTestExecutionListener, org.springframework.boot.test.mock.mockito.ResetMocksTestExecutionListener, org.springframework.test.context.web.ServletTestExecutionListener, org.springframework.test.context.support.DirtiesContextBeforeModesTestExecutionListener, org.springframework.test.context.event.ApplicationEventsTestExecutionListener, org.springframework.test.context.support.DependencyInjectionTestExecutionListener, org.springframework.test.context.support.DirtiesContextTestExecutionListener, org.springframework.test.context.transaction.TransactionalTestExecutionListener, org.springframework.test.context.jdbc.SqlScriptsTestExecutionListener, org.springframework.test.context.event.EventPublishingTestExecutionListener]
2023-09-29 14:55:15.745  INFO 21704 --- [    Test worker] .b.t.c.SpringBootTestContextBootstrapper : Using TestExecutionListeners: [org.springframework.test.context.web.ServletTestExecutionListener@7773141c, org.springframework.test.context.support.DirtiesContextBeforeModesTestExecutionListener@777bfe82, org.springframework.test.context.event.ApplicationEventsTestExecutionListener@7653e109, org.springframework.boot.test.mock.mockito.MockitoTestExecutionListener@bc21314, org.springframework.boot.test.autoconfigure.SpringBootDependencyInjectionTestExecutionListener@64fe3584, org.springframework.test.context.support.DirtiesContextTestExecutionListener@4c594877, org.springframework.test.context.transaction.TransactionalTestExecutionListener@256ba35c, org.springframework.test.context.jdbc.SqlScriptsTestExecutionListener@3e2a5e56, org.springframework.test.context.event.EventPublishingTestExecutionListener@2b6d0e02, org.springframework.boot.test.autoconfigure.restdocs.RestDocsTestExecutionListener@2d71f1e8, org.springframework.boot.test.autoconfigure.web.client.MockRestServiceServerResetTestExecutionListener@55f8d659, org.springframework.boot.test.autoconfigure.web.servlet.MockMvcPrintOnlyOnFailureTestExecutionListener@39ccea5e, org.springframework.boot.test.autoconfigure.web.servlet.WebDriverTestExecutionListener@7a12fe7b, org.springframework.boot.test.autoconfigure.webservices.client.MockWebServiceServerTestExecutionListener@58cebe60, org.springframework.boot.test.mock.mockito.ResetMocksTestExecutionListener@4b17e13e]
]]></system-out>
  <system-err><![CDATA[]]></system-err>
</testsuite>
