<?xml version="1.0" encoding="UTF-8"?>
<testsuite name="com.hrManagement.unit.logica.PerfilEmpleadoLogicaTest" tests="6" skipped="0" failures="0" errors="0" timestamp="2023-09-28T01:52:25" hostname="DESKTOP-OJ4FGVN" time="0.108">
  <properties/>
  <testcase name="obtenerPerfilEmpleadoPorID()" classname="com.hrManagement.unit.logica.PerfilEmpleadoLogicaTest" time="0.007"/>
  <testcase name="guardarPerfilEmpleado_camposVacios()" classname="com.hrManagement.unit.logica.PerfilEmpleadoLogicaTest" time="0.046"/>
  <testcase name="guardarPerfilEmpleado_guardadoExitoso()" classname="com.hrManagement.unit.logica.PerfilEmpleadoLogicaTest" time="0.011"/>
  <testcase name="eliminarPerfilEmpleado_perfilEmpleadoNoExiste()" classname="com.hrManagement.unit.logica.PerfilEmpleadoLogicaTest" time="0.009"/>
  <testcase name="eliminarPerfilEmpleado_eliminacionExitosa()" classname="com.hrManagement.unit.logica.PerfilEmpleadoLogicaTest" time="0.011"/>
  <testcase name="obtenerTodosLosPerfilesDeEmpleados()" classname="com.hrManagement.unit.logica.PerfilEmpleadoLogicaTest" time="0.01"/>
  <system-out><![CDATA[2023-09-27 20:52:25.957  INFO 20740 --- [    Test worker] .b.t.c.SpringBootTestContextBootstrapper : Neither @ContextConfiguration nor @ContextHierarchy found for test class [com.hrManagement.unit.logica.PerfilEmpleadoLogicaTest], using SpringBootContextLoader
2023-09-27 20:52:25.959  INFO 20740 --- [    Test worker] o.s.t.c.support.AbstractContextLoader    : Could not detect default resource locations for test class [com.hrManagement.unit.logica.PerfilEmpleadoLogicaTest]: no resource found for suffixes {-context.xml, Context.groovy}.
2023-09-27 20:52:25.960  INFO 20740 --- [    Test worker] t.c.s.AnnotationConfigContextLoaderUtils : Could not detect default configuration classes for test class [com.hrManagement.unit.logica.PerfilEmpleadoLogicaTest]: PerfilEmpleadoLogicaTest does not declare any static, non-private, non-final, nested classes annotated with @Configuration.
2023-09-27 20:52:25.966  INFO 20740 --- [    Test worker] .b.t.c.SpringBootTestContextBootstrapper : Found @SpringBootConfiguration com.hrManagement.HrmanamentApplication for test class com.hrManagement.unit.logica.PerfilEmpleadoLogicaTest
2023-09-27 20:52:25.973  INFO 20740 --- [    Test worker] .b.t.c.SpringBootTestContextBootstrapper : Loaded default TestExecutionListener class names from location [META-INF/spring.factories]: [org.springframework.boot.test.autoconfigure.restdocs.RestDocsTestExecutionListener, org.springframework.boot.test.autoconfigure.web.client.MockRestServiceServerResetTestExecutionListener, org.springframework.boot.test.autoconfigure.web.servlet.MockMvcPrintOnlyOnFailureTestExecutionListener, org.springframework.boot.test.autoconfigure.web.servlet.WebDriverTestExecutionListener, org.springframework.boot.test.autoconfigure.webservices.client.MockWebServiceServerTestExecutionListener, org.springframework.boot.test.mock.mockito.MockitoTestExecutionListener, org.springframework.boot.test.mock.mockito.ResetMocksTestExecutionListener, org.springframework.test.context.web.ServletTestExecutionListener, org.springframework.test.context.support.DirtiesContextBeforeModesTestExecutionListener, org.springframework.test.context.event.ApplicationEventsTestExecutionListener, org.springframework.test.context.support.DependencyInjectionTestExecutionListener, org.springframework.test.context.support.DirtiesContextTestExecutionListener, org.springframework.test.context.transaction.TransactionalTestExecutionListener, org.springframework.test.context.jdbc.SqlScriptsTestExecutionListener, org.springframework.test.context.event.EventPublishingTestExecutionListener]
2023-09-27 20:52:25.973  INFO 20740 --- [    Test worker] .b.t.c.SpringBootTestContextBootstrapper : Using TestExecutionListeners: [org.springframework.test.context.web.ServletTestExecutionListener@3fdb9eb9, org.springframework.test.context.support.DirtiesContextBeforeModesTestExecutionListener@6aa449b9, org.springframework.test.context.event.ApplicationEventsTestExecutionListener@6cc776fe, org.springframework.boot.test.mock.mockito.MockitoTestExecutionListener@208bcc9, org.springframework.boot.test.autoconfigure.SpringBootDependencyInjectionTestExecutionListener@6145d467, org.springframework.test.context.support.DirtiesContextTestExecutionListener@2964a077, org.springframework.test.context.transaction.TransactionalTestExecutionListener@7ec35323, org.springframework.test.context.jdbc.SqlScriptsTestExecutionListener@39ea56c6, org.springframework.test.context.event.EventPublishingTestExecutionListener@76c35b70, org.springframework.boot.test.autoconfigure.restdocs.RestDocsTestExecutionListener@7aa83ac7, org.springframework.boot.test.autoconfigure.web.client.MockRestServiceServerResetTestExecutionListener@1e1634fa, org.springframework.boot.test.autoconfigure.web.servlet.MockMvcPrintOnlyOnFailureTestExecutionListener@75210d98, org.springframework.boot.test.autoconfigure.web.servlet.WebDriverTestExecutionListener@19d5c097, org.springframework.boot.test.autoconfigure.webservices.client.MockWebServiceServerTestExecutionListener@2210af68, org.springframework.boot.test.mock.mockito.ResetMocksTestExecutionListener@d0efe34]
]]></system-out>
  <system-err><![CDATA[]]></system-err>
</testsuite>
