<?xml version="1.0" encoding="UTF-8"?>
<testsuite name="com.hrManagement.HrmanamentApplicationTests" tests="1" skipped="0" failures="0" errors="0" timestamp="2023-09-27T20:28:33" hostname="LAPTOP-MOFDOF3V" time="0.003">
  <properties/>
  <testcase name="contextLoads()" classname="com.hrManagement.HrmanamentApplicationTests" time="0.003"/>
  <system-out><![CDATA[2023-09-27 15:28:32.016  INFO 732 --- [    Test worker] .b.t.c.SpringBootTestContextBootstrapper : Neither @ContextConfiguration nor @ContextHierarchy found for test class [com.hrManagement.HrmanamentApplicationTests], using SpringBootContextLoader
2023-09-27 15:28:32.017  INFO 732 --- [    Test worker] o.s.t.c.support.AbstractContextLoader    : Could not detect default resource locations for test class [com.hrManagement.HrmanamentApplicationTests]: no resource found for suffixes {-context.xml, Context.groovy}.
2023-09-27 15:28:32.017  INFO 732 --- [    Test worker] t.c.s.AnnotationConfigContextLoaderUtils : Could not detect default configuration classes for test class [com.hrManagement.HrmanamentApplicationTests]: HrmanamentApplicationTests does not declare any static, non-private, non-final, nested classes annotated with @Configuration.
2023-09-27 15:28:32.031  INFO 732 --- [    Test worker] .b.t.c.SpringBootTestContextBootstrapper : Found @SpringBootConfiguration com.hrManagement.HrmanamentApplication for test class com.hrManagement.HrmanamentApplicationTests
2023-09-27 15:28:32.034  INFO 732 --- [    Test worker] .b.t.c.SpringBootTestContextBootstrapper : Loaded default TestExecutionListener class names from location [META-INF/spring.factories]: [org.springframework.boot.test.autoconfigure.restdocs.RestDocsTestExecutionListener, org.springframework.boot.test.autoconfigure.web.client.MockRestServiceServerResetTestExecutionListener, org.springframework.boot.test.autoconfigure.web.servlet.MockMvcPrintOnlyOnFailureTestExecutionListener, org.springframework.boot.test.autoconfigure.web.servlet.WebDriverTestExecutionListener, org.springframework.boot.test.autoconfigure.webservices.client.MockWebServiceServerTestExecutionListener, org.springframework.boot.test.mock.mockito.MockitoTestExecutionListener, org.springframework.boot.test.mock.mockito.ResetMocksTestExecutionListener, org.springframework.test.context.web.ServletTestExecutionListener, org.springframework.test.context.support.DirtiesContextBeforeModesTestExecutionListener, org.springframework.test.context.event.ApplicationEventsTestExecutionListener, org.springframework.test.context.support.DependencyInjectionTestExecutionListener, org.springframework.test.context.support.DirtiesContextTestExecutionListener, org.springframework.test.context.transaction.TransactionalTestExecutionListener, org.springframework.test.context.jdbc.SqlScriptsTestExecutionListener, org.springframework.test.context.event.EventPublishingTestExecutionListener]
2023-09-27 15:28:32.034  INFO 732 --- [    Test worker] .b.t.c.SpringBootTestContextBootstrapper : Using TestExecutionListeners: [org.springframework.test.context.web.ServletTestExecutionListener@1a6df932, org.springframework.test.context.support.DirtiesContextBeforeModesTestExecutionListener@74120029, org.springframework.test.context.event.ApplicationEventsTestExecutionListener@3031d9e9, org.springframework.boot.test.mock.mockito.MockitoTestExecutionListener@1415f18d, org.springframework.boot.test.autoconfigure.SpringBootDependencyInjectionTestExecutionListener@61c42e54, org.springframework.test.context.support.DirtiesContextTestExecutionListener@533690d, org.springframework.test.context.transaction.TransactionalTestExecutionListener@3bf306d3, org.springframework.test.context.jdbc.SqlScriptsTestExecutionListener@5101b9, org.springframework.test.context.event.EventPublishingTestExecutionListener@40273969, org.springframework.boot.test.autoconfigure.restdocs.RestDocsTestExecutionListener@5ec25b61, org.springframework.boot.test.autoconfigure.web.client.MockRestServiceServerResetTestExecutionListener@7da40bf4, org.springframework.boot.test.autoconfigure.web.servlet.MockMvcPrintOnlyOnFailureTestExecutionListener@75708130, org.springframework.boot.test.autoconfigure.web.servlet.WebDriverTestExecutionListener@c651286, org.springframework.boot.test.autoconfigure.webservices.client.MockWebServiceServerTestExecutionListener@40304938, org.springframework.boot.test.mock.mockito.ResetMocksTestExecutionListener@1d160161]

  .   ____          _            __ _ _
 /\\ / ___'_ __ _ _(_)_ __  __ _ \ \ \ \
( ( )\___ | '_ | '_| | '_ \/ _` | \ \ \ \
 \\/  ___)| |_)| | | | | || (_| |  ) ) ) )
  '  |____| .__|_| |_|_| |_\__, | / / / /
 =========|_|==============|___/=/_/_/_/
 :: Spring Boot ::               (v2.7.15)

2023-09-27 15:28:32.088  INFO 732 --- [    Test worker] c.h.HrmanamentApplicationTests           : Starting HrmanamentApplicationTests using Java 17.0.8 on LAPTOP-MOFDOF3V with PID 732 (started by Juanes Villa in C:\Users\Juanes Villa\Downloads\HR-Management\hrmanament)
2023-09-27 15:28:32.088  INFO 732 --- [    Test worker] c.h.HrmanamentApplicationTests           : The following 1 profile is active: "test"
2023-09-27 15:28:32.360  INFO 732 --- [    Test worker] .s.d.r.c.RepositoryConfigurationDelegate : Bootstrapping Spring Data JPA repositories in DEFAULT mode.
2023-09-27 15:28:32.394  INFO 732 --- [    Test worker] .s.d.r.c.RepositoryConfigurationDelegate : Finished Spring Data repository scanning in 34 ms. Found 2 JPA repository interfaces.
2023-09-27 15:28:32.620  INFO 732 --- [    Test worker] o.hibernate.jpa.internal.util.LogHelper  : HHH000204: Processing PersistenceUnitInfo [name: default]
2023-09-27 15:28:32.632  INFO 732 --- [    Test worker] com.zaxxer.hikari.HikariDataSource       : HikariPool-2 - Starting...
2023-09-27 15:28:32.634  INFO 732 --- [    Test worker] com.zaxxer.hikari.HikariDataSource       : HikariPool-2 - Start completed.
2023-09-27 15:28:32.636  INFO 732 --- [    Test worker] org.hibernate.dialect.Dialect            : HHH000400: Using dialect: org.hibernate.dialect.H2Dialect
2023-09-27 15:28:32.694  INFO 732 --- [    Test worker] o.h.e.t.j.p.i.JtaPlatformInitiator       : HHH000490: Using JtaPlatform implementation: [org.hibernate.engine.transaction.jta.platform.internal.NoJtaPlatform]
2023-09-27 15:28:32.695  INFO 732 --- [    Test worker] j.LocalContainerEntityManagerFactoryBean : Initialized JPA EntityManagerFactory for persistence unit 'default'
2023-09-27 15:28:32.960  WARN 732 --- [    Test worker] JpaBaseConfiguration$JpaWebConfiguration : spring.jpa.open-in-view is enabled by default. Therefore, database queries may be performed during view rendering. Explicitly configure spring.jpa.open-in-view to disable this warning
2023-09-27 15:28:33.421  INFO 732 --- [    Test worker] c.h.HrmanamentApplicationTests           : Started HrmanamentApplicationTests in 1.377 seconds (JVM running for 12.922)
]]></system-out>
  <system-err><![CDATA[]]></system-err>
</testsuite>
