<?xml version="1.0" encoding="UTF-8"?>
<testsuite name="com.hrManagement.HrmanamentApplicationTests" tests="1" skipped="0" failures="0" errors="0" timestamp="2023-09-29T14:21:57" hostname="LAPTOP-MOFDOF3V" time="0.349">
  <properties/>
  <testcase name="contextLoads()" classname="com.hrManagement.HrmanamentApplicationTests" time="0.349"/>
  <system-out><![CDATA[09:21:49.026 [Test worker] DEBUG org.springframework.test.context.BootstrapUtils - Instantiating CacheAwareContextLoaderDelegate from class [org.springframework.test.context.cache.DefaultCacheAwareContextLoaderDelegate]
09:21:49.055 [Test worker] DEBUG org.springframework.test.context.BootstrapUtils - Instantiating BootstrapContext using constructor [public org.springframework.test.context.support.DefaultBootstrapContext(java.lang.Class,org.springframework.test.context.CacheAwareContextLoaderDelegate)]
09:21:49.146 [Test worker] DEBUG org.springframework.test.context.BootstrapUtils - Instantiating TestContextBootstrapper for test class [com.hrManagement.HrmanamentApplicationTests] from class [org.springframework.boot.test.context.SpringBootTestContextBootstrapper]
09:21:49.175 [Test worker] INFO org.springframework.boot.test.context.SpringBootTestContextBootstrapper - Neither @ContextConfiguration nor @ContextHierarchy found for test class [com.hrManagement.HrmanamentApplicationTests], using SpringBootContextLoader
09:21:49.188 [Test worker] DEBUG org.springframework.test.context.support.AbstractContextLoader - Did not detect default resource location for test class [com.hrManagement.HrmanamentApplicationTests]: class path resource [com/hrManagement/HrmanamentApplicationTests-context.xml] does not exist
09:21:49.189 [Test worker] DEBUG org.springframework.test.context.support.AbstractContextLoader - Did not detect default resource location for test class [com.hrManagement.HrmanamentApplicationTests]: class path resource [com/hrManagement/HrmanamentApplicationTestsContext.groovy] does not exist
09:21:49.190 [Test worker] INFO org.springframework.test.context.support.AbstractContextLoader - Could not detect default resource locations for test class [com.hrManagement.HrmanamentApplicationTests]: no resource found for suffixes {-context.xml, Context.groovy}.
09:21:49.191 [Test worker] INFO org.springframework.test.context.support.AnnotationConfigContextLoaderUtils - Could not detect default configuration classes for test class [com.hrManagement.HrmanamentApplicationTests]: HrmanamentApplicationTests does not declare any static, non-private, non-final, nested classes annotated with @Configuration.
09:21:49.427 [Test worker] DEBUG org.springframework.context.annotation.ClassPathScanningCandidateComponentProvider - Identified candidate component class: file [C:\Users\Juanes Villa\Downloads\HR-Management\hrmanament\build\classes\java\main\com\hrManagement\HrmanamentApplication.class]
09:21:49.430 [Test worker] INFO org.springframework.boot.test.context.SpringBootTestContextBootstrapper - Found @SpringBootConfiguration com.hrManagement.HrmanamentApplication for test class com.hrManagement.HrmanamentApplicationTests
09:21:49.664 [Test worker] DEBUG org.springframework.boot.test.context.SpringBootTestContextBootstrapper - @TestExecutionListeners is not present for class [com.hrManagement.HrmanamentApplicationTests]: using defaults.
09:21:49.665 [Test worker] INFO org.springframework.boot.test.context.SpringBootTestContextBootstrapper - Loaded default TestExecutionListener class names from location [META-INF/spring.factories]: [org.springframework.boot.test.autoconfigure.restdocs.RestDocsTestExecutionListener, org.springframework.boot.test.autoconfigure.web.client.MockRestServiceServerResetTestExecutionListener, org.springframework.boot.test.autoconfigure.web.servlet.MockMvcPrintOnlyOnFailureTestExecutionListener, org.springframework.boot.test.autoconfigure.web.servlet.WebDriverTestExecutionListener, org.springframework.boot.test.autoconfigure.webservices.client.MockWebServiceServerTestExecutionListener, org.springframework.boot.test.mock.mockito.MockitoTestExecutionListener, org.springframework.boot.test.mock.mockito.ResetMocksTestExecutionListener, org.springframework.test.context.web.ServletTestExecutionListener, org.springframework.test.context.support.DirtiesContextBeforeModesTestExecutionListener, org.springframework.test.context.event.ApplicationEventsTestExecutionListener, org.springframework.test.context.support.DependencyInjectionTestExecutionListener, org.springframework.test.context.support.DirtiesContextTestExecutionListener, org.springframework.test.context.transaction.TransactionalTestExecutionListener, org.springframework.test.context.jdbc.SqlScriptsTestExecutionListener, org.springframework.test.context.event.EventPublishingTestExecutionListener]
09:21:49.716 [Test worker] INFO org.springframework.boot.test.context.SpringBootTestContextBootstrapper - Using TestExecutionListeners: [org.springframework.test.context.web.ServletTestExecutionListener@1da4b3f9, org.springframework.test.context.support.DirtiesContextBeforeModesTestExecutionListener@23cbbd07, org.springframework.test.context.event.ApplicationEventsTestExecutionListener@448b808a, org.springframework.boot.test.mock.mockito.MockitoTestExecutionListener@7e62cfa3, org.springframework.boot.test.autoconfigure.SpringBootDependencyInjectionTestExecutionListener@46e190ed, org.springframework.test.context.support.DirtiesContextTestExecutionListener@383c3eb3, org.springframework.test.context.transaction.TransactionalTestExecutionListener@20ab76ee, org.springframework.test.context.jdbc.SqlScriptsTestExecutionListener@485caa8f, org.springframework.test.context.event.EventPublishingTestExecutionListener@2703d91, org.springframework.boot.test.autoconfigure.restdocs.RestDocsTestExecutionListener@5be052ca, org.springframework.boot.test.autoconfigure.web.client.MockRestServiceServerResetTestExecutionListener@2007435e, org.springframework.boot.test.autoconfigure.web.servlet.MockMvcPrintOnlyOnFailureTestExecutionListener@da28d03, org.springframework.boot.test.autoconfigure.web.servlet.WebDriverTestExecutionListener@ebda593, org.springframework.boot.test.autoconfigure.webservices.client.MockWebServiceServerTestExecutionListener@5792c08c, org.springframework.boot.test.mock.mockito.ResetMocksTestExecutionListener@4d157493]
09:21:49.725 [Test worker] DEBUG org.springframework.test.context.support.AbstractDirtiesContextTestExecutionListener - Before test class: context [DefaultTestContext@de81be1 testClass = HrmanamentApplicationTests, testInstance = [null], testMethod = [null], testException = [null], mergedContextConfiguration = [WebMergedContextConfiguration@342e690b testClass = HrmanamentApplicationTests, locations = '{}', classes = '{class com.hrManagement.HrmanamentApplication}', contextInitializerClasses = '[]', activeProfiles = '{test}', propertySourceLocations = '{}', propertySourceProperties = '{org.springframework.boot.test.context.SpringBootTestContextBootstrapper=true}', contextCustomizers = set[org.springframework.boot.test.autoconfigure.actuate.metrics.MetricsExportContextCustomizerFactory$DisableMetricExportContextCustomizer@34f392be, org.springframework.boot.test.autoconfigure.properties.PropertyMappingContextCustomizer@0, org.springframework.boot.test.autoconfigure.web.servlet.WebDriverContextCustomizerFactory$Customizer@222afc67, org.springframework.boot.test.context.filter.ExcludeFilterContextCustomizer@5477a1ca, org.springframework.boot.test.json.DuplicateJsonObjectContextCustomizerFactory$DuplicateJsonObjectContextCustomizer@63411512, org.springframework.boot.test.mock.mockito.MockitoContextCustomizer@0, org.springframework.boot.test.web.client.TestRestTemplateContextCustomizer@150ede8b, org.springframework.boot.test.context.SpringBootTestArgs@1, org.springframework.boot.test.context.SpringBootTestWebEnvironment@660e9100], resourceBasePath = 'src/main/webapp', contextLoader = 'org.springframework.boot.test.context.SpringBootContextLoader', parent = [null]], attributes = map['org.springframework.test.context.web.ServletTestExecutionListener.activateListener' -> true]], class annotated with @DirtiesContext [false] with mode [null].

  .   ____          _            __ _ _
 /\\ / ___'_ __ _ _(_)_ __  __ _ \ \ \ \
( ( )\___ | '_ | '_| | '_ \/ _` | \ \ \ \
 \\/  ___)| |_)| | | | | || (_| |  ) ) ) )
  '  |____| .__|_| |_|_| |_\__, | / / / /
 =========|_|==============|___/=/_/_/_/
 :: Spring Boot ::               (v2.7.15)

2023-09-29 09:21:50.318  INFO 18716 --- [    Test worker] c.h.HrmanamentApplicationTests           : Starting HrmanamentApplicationTests using Java 17.0.8 on LAPTOP-MOFDOF3V with PID 18716 (started by Juanes Villa in C:\Users\Juanes Villa\Downloads\HR-Management\hrmanament)
2023-09-29 09:21:50.320  INFO 18716 --- [    Test worker] c.h.HrmanamentApplicationTests           : The following 1 profile is active: "test"
2023-09-29 09:21:51.455  INFO 18716 --- [    Test worker] .s.d.r.c.RepositoryConfigurationDelegate : Bootstrapping Spring Data JPA repositories in DEFAULT mode.
2023-09-29 09:21:51.549  INFO 18716 --- [    Test worker] .s.d.r.c.RepositoryConfigurationDelegate : Finished Spring Data repository scanning in 77 ms. Found 2 JPA repository interfaces.
2023-09-29 09:21:52.542  INFO 18716 --- [    Test worker] o.hibernate.jpa.internal.util.LogHelper  : HHH000204: Processing PersistenceUnitInfo [name: default]
2023-09-29 09:21:52.661  INFO 18716 --- [    Test worker] org.hibernate.Version                    : HHH000412: Hibernate ORM core version 5.6.15.Final
2023-09-29 09:21:53.049  INFO 18716 --- [    Test worker] o.hibernate.annotations.common.Version   : HCANN000001: Hibernate Commons Annotations {5.1.2.Final}
2023-09-29 09:21:53.292  INFO 18716 --- [    Test worker] com.zaxxer.hikari.HikariDataSource       : HikariPool-1 - Starting...
2023-09-29 09:21:53.893  INFO 18716 --- [    Test worker] com.zaxxer.hikari.HikariDataSource       : HikariPool-1 - Start completed.
2023-09-29 09:21:53.937  INFO 18716 --- [    Test worker] org.hibernate.dialect.Dialect            : HHH000400: Using dialect: org.hibernate.dialect.H2Dialect
2023-09-29 09:21:55.173  INFO 18716 --- [    Test worker] o.h.e.t.j.p.i.JtaPlatformInitiator       : HHH000490: Using JtaPlatform implementation: [org.hibernate.engine.transaction.jta.platform.internal.NoJtaPlatform]
2023-09-29 09:21:55.192  INFO 18716 --- [    Test worker] j.LocalContainerEntityManagerFactoryBean : Initialized JPA EntityManagerFactory for persistence unit 'default'
2023-09-29 09:21:56.247  WARN 18716 --- [    Test worker] JpaBaseConfiguration$JpaWebConfiguration : spring.jpa.open-in-view is enabled by default. Therefore, database queries may be performed during view rendering. Explicitly configure spring.jpa.open-in-view to disable this warning
2023-09-29 09:21:57.235  INFO 18716 --- [    Test worker] c.h.HrmanamentApplicationTests           : Started HrmanamentApplicationTests in 7.425 seconds (JVM running for 10.074)
]]></system-out>
  <system-err><![CDATA[]]></system-err>
</testsuite>
