<?xml version="1.0" encoding="UTF-8"?>
<testsuite name="com.hrManagement.HrmanamentApplicationTests" tests="1" skipped="0" failures="0" errors="0" timestamp="2023-09-28T20:48:59" hostname="DESKTOP-OJ4FGVN" time="0.603">
  <properties/>
  <testcase name="contextLoads()" classname="com.hrManagement.HrmanamentApplicationTests" time="0.603"/>
  <system-out><![CDATA[15:48:40.581 [Test worker] DEBUG org.springframework.test.context.BootstrapUtils - Instantiating CacheAwareContextLoaderDelegate from class [org.springframework.test.context.cache.DefaultCacheAwareContextLoaderDelegate]
15:48:40.643 [Test worker] DEBUG org.springframework.test.context.BootstrapUtils - Instantiating BootstrapContext using constructor [public org.springframework.test.context.support.DefaultBootstrapContext(java.lang.Class,org.springframework.test.context.CacheAwareContextLoaderDelegate)]
15:48:40.803 [Test worker] DEBUG org.springframework.test.context.BootstrapUtils - Instantiating TestContextBootstrapper for test class [com.hrManagement.HrmanamentApplicationTests] from class [org.springframework.boot.test.context.SpringBootTestContextBootstrapper]
15:48:40.873 [Test worker] INFO org.springframework.boot.test.context.SpringBootTestContextBootstrapper - Neither @ContextConfiguration nor @ContextHierarchy found for test class [com.hrManagement.HrmanamentApplicationTests], using SpringBootContextLoader
15:48:40.900 [Test worker] DEBUG org.springframework.test.context.support.AbstractContextLoader - Did not detect default resource location for test class [com.hrManagement.HrmanamentApplicationTests]: class path resource [com/hrManagement/HrmanamentApplicationTests-context.xml] does not exist
15:48:40.901 [Test worker] DEBUG org.springframework.test.context.support.AbstractContextLoader - Did not detect default resource location for test class [com.hrManagement.HrmanamentApplicationTests]: class path resource [com/hrManagement/HrmanamentApplicationTestsContext.groovy] does not exist
15:48:40.902 [Test worker] INFO org.springframework.test.context.support.AbstractContextLoader - Could not detect default resource locations for test class [com.hrManagement.HrmanamentApplicationTests]: no resource found for suffixes {-context.xml, Context.groovy}.
15:48:40.906 [Test worker] INFO org.springframework.test.context.support.AnnotationConfigContextLoaderUtils - Could not detect default configuration classes for test class [com.hrManagement.HrmanamentApplicationTests]: HrmanamentApplicationTests does not declare any static, non-private, non-final, nested classes annotated with @Configuration.
15:48:41.499 [Test worker] DEBUG org.springframework.context.annotation.ClassPathScanningCandidateComponentProvider - Identified candidate component class: file [C:\Users\SEBASTIAN\Desktop\Materias\Arq\Nueva carpeta\HR-Management\hrmanament\build\classes\java\main\com\hrManagement\HrmanamentApplication.class]
15:48:41.502 [Test worker] INFO org.springframework.boot.test.context.SpringBootTestContextBootstrapper - Found @SpringBootConfiguration com.hrManagement.HrmanamentApplication for test class com.hrManagement.HrmanamentApplicationTests
15:48:42.053 [Test worker] DEBUG org.springframework.boot.test.context.SpringBootTestContextBootstrapper - @TestExecutionListeners is not present for class [com.hrManagement.HrmanamentApplicationTests]: using defaults.
15:48:42.055 [Test worker] INFO org.springframework.boot.test.context.SpringBootTestContextBootstrapper - Loaded default TestExecutionListener class names from location [META-INF/spring.factories]: [org.springframework.boot.test.autoconfigure.restdocs.RestDocsTestExecutionListener, org.springframework.boot.test.autoconfigure.web.client.MockRestServiceServerResetTestExecutionListener, org.springframework.boot.test.autoconfigure.web.servlet.MockMvcPrintOnlyOnFailureTestExecutionListener, org.springframework.boot.test.autoconfigure.web.servlet.WebDriverTestExecutionListener, org.springframework.boot.test.autoconfigure.webservices.client.MockWebServiceServerTestExecutionListener, org.springframework.boot.test.mock.mockito.MockitoTestExecutionListener, org.springframework.boot.test.mock.mockito.ResetMocksTestExecutionListener, org.springframework.test.context.web.ServletTestExecutionListener, org.springframework.test.context.support.DirtiesContextBeforeModesTestExecutionListener, org.springframework.test.context.event.ApplicationEventsTestExecutionListener, org.springframework.test.context.support.DependencyInjectionTestExecutionListener, org.springframework.test.context.support.DirtiesContextTestExecutionListener, org.springframework.test.context.transaction.TransactionalTestExecutionListener, org.springframework.test.context.jdbc.SqlScriptsTestExecutionListener, org.springframework.test.context.event.EventPublishingTestExecutionListener]
15:48:42.208 [Test worker] INFO org.springframework.boot.test.context.SpringBootTestContextBootstrapper - Using TestExecutionListeners: [org.springframework.test.context.web.ServletTestExecutionListener@f29353f, org.springframework.test.context.support.DirtiesContextBeforeModesTestExecutionListener@36f7d7b, org.springframework.test.context.event.ApplicationEventsTestExecutionListener@60aec68a, org.springframework.boot.test.mock.mockito.MockitoTestExecutionListener@25a7fedf, org.springframework.boot.test.autoconfigure.SpringBootDependencyInjectionTestExecutionListener@6361b799, org.springframework.test.context.support.DirtiesContextTestExecutionListener@1b9d9a2b, org.springframework.test.context.transaction.TransactionalTestExecutionListener@d919544, org.springframework.test.context.jdbc.SqlScriptsTestExecutionListener@17dad32f, org.springframework.test.context.event.EventPublishingTestExecutionListener@79696332, org.springframework.boot.test.autoconfigure.restdocs.RestDocsTestExecutionListener@ed2f2f6, org.springframework.boot.test.autoconfigure.web.client.MockRestServiceServerResetTestExecutionListener@fe87ddd, org.springframework.boot.test.autoconfigure.web.servlet.MockMvcPrintOnlyOnFailureTestExecutionListener@4eea94a4, org.springframework.boot.test.autoconfigure.web.servlet.WebDriverTestExecutionListener@7c281eb8, org.springframework.boot.test.autoconfigure.webservices.client.MockWebServiceServerTestExecutionListener@65f40689, org.springframework.boot.test.mock.mockito.ResetMocksTestExecutionListener@29be997f]
15:48:42.228 [Test worker] DEBUG org.springframework.test.context.support.AbstractDirtiesContextTestExecutionListener - Before test class: context [DefaultTestContext@6e60f18 testClass = HrmanamentApplicationTests, testInstance = [null], testMethod = [null], testException = [null], mergedContextConfiguration = [WebMergedContextConfiguration@5cf8676a testClass = HrmanamentApplicationTests, locations = '{}', classes = '{class com.hrManagement.HrmanamentApplication}', contextInitializerClasses = '[]', activeProfiles = '{test}', propertySourceLocations = '{}', propertySourceProperties = '{org.springframework.boot.test.context.SpringBootTestContextBootstrapper=true}', contextCustomizers = set[org.springframework.boot.test.autoconfigure.actuate.metrics.MetricsExportContextCustomizerFactory$DisableMetricExportContextCustomizer@40712ee9, org.springframework.boot.test.autoconfigure.properties.PropertyMappingContextCustomizer@0, org.springframework.boot.test.autoconfigure.web.servlet.WebDriverContextCustomizerFactory$Customizer@70f822e, org.springframework.boot.test.context.filter.ExcludeFilterContextCustomizer@618ad2aa, org.springframework.boot.test.json.DuplicateJsonObjectContextCustomizerFactory$DuplicateJsonObjectContextCustomizer@38fc5554, org.springframework.boot.test.mock.mockito.MockitoContextCustomizer@0, org.springframework.boot.test.web.client.TestRestTemplateContextCustomizer@3901f6af, org.springframework.boot.test.context.SpringBootTestArgs@1, org.springframework.boot.test.context.SpringBootTestWebEnvironment@3591009c], resourceBasePath = 'src/main/webapp', contextLoader = 'org.springframework.boot.test.context.SpringBootContextLoader', parent = [null]], attributes = map['org.springframework.test.context.web.ServletTestExecutionListener.activateListener' -> true]], class annotated with @DirtiesContext [false] with mode [null].

  .   ____          _            __ _ _
 /\\ / ___'_ __ _ _(_)_ __  __ _ \ \ \ \
( ( )\___ | '_ | '_| | '_ \/ _` | \ \ \ \
 \\/  ___)| |_)| | | | | || (_| |  ) ) ) )
  '  |____| .__|_| |_|_| |_\__, | / / / /
 =========|_|==============|___/=/_/_/_/
 :: Spring Boot ::               (v2.7.15)

2023-09-28 15:48:43.627  INFO 17152 --- [    Test worker] c.h.HrmanamentApplicationTests           : Starting HrmanamentApplicationTests using Java 17.0.6 on DESKTOP-OJ4FGVN with PID 17152 (started by SEBASTIAN in C:\Users\SEBASTIAN\Desktop\Materias\Arq\Nueva carpeta\HR-Management\hrmanament)
2023-09-28 15:48:43.631  INFO 17152 --- [    Test worker] c.h.HrmanamentApplicationTests           : The following 1 profile is active: "test"
2023-09-28 15:48:46.255  INFO 17152 --- [    Test worker] .s.d.r.c.RepositoryConfigurationDelegate : Bootstrapping Spring Data JPA repositories in DEFAULT mode.
2023-09-28 15:48:46.456  INFO 17152 --- [    Test worker] .s.d.r.c.RepositoryConfigurationDelegate : Finished Spring Data repository scanning in 175 ms. Found 2 JPA repository interfaces.
2023-09-28 15:48:49.233  INFO 17152 --- [    Test worker] o.hibernate.jpa.internal.util.LogHelper  : HHH000204: Processing PersistenceUnitInfo [name: default]
2023-09-28 15:48:49.805  INFO 17152 --- [    Test worker] org.hibernate.Version                    : HHH000412: Hibernate ORM core version 5.6.15.Final
2023-09-28 15:48:51.823  INFO 17152 --- [    Test worker] o.hibernate.annotations.common.Version   : HCANN000001: Hibernate Commons Annotations {5.1.2.Final}
2023-09-28 15:48:52.552  INFO 17152 --- [    Test worker] com.zaxxer.hikari.HikariDataSource       : HikariPool-1 - Starting...
2023-09-28 15:48:53.883  INFO 17152 --- [    Test worker] com.zaxxer.hikari.HikariDataSource       : HikariPool-1 - Start completed.
2023-09-28 15:48:53.977  INFO 17152 --- [    Test worker] org.hibernate.dialect.Dialect            : HHH000400: Using dialect: org.hibernate.dialect.H2Dialect
2023-09-28 15:48:56.163  INFO 17152 --- [    Test worker] o.h.e.t.j.p.i.JtaPlatformInitiator       : HHH000490: Using JtaPlatform implementation: [org.hibernate.engine.transaction.jta.platform.internal.NoJtaPlatform]
2023-09-28 15:48:56.196  INFO 17152 --- [    Test worker] j.LocalContainerEntityManagerFactoryBean : Initialized JPA EntityManagerFactory for persistence unit 'default'
2023-09-28 15:48:57.487  WARN 17152 --- [    Test worker] JpaBaseConfiguration$JpaWebConfiguration : spring.jpa.open-in-view is enabled by default. Therefore, database queries may be performed during view rendering. Explicitly configure spring.jpa.open-in-view to disable this warning
2023-09-28 15:48:59.272  INFO 17152 --- [    Test worker] c.h.HrmanamentApplicationTests           : Started HrmanamentApplicationTests in 16.743 seconds (JVM running for 22.659)
]]></system-out>
  <system-err><![CDATA[]]></system-err>
</testsuite>
