<?xml version="1.0" encoding="UTF-8"?>
<testsuite name="com.hrManagement.unit.logica.EmpleadoLogicaTest" tests="9" skipped="0" failures="0" errors="0" timestamp="2023-09-28T01:52:25" hostname="DESKTOP-OJ4FGVN" time="0.168">
  <properties/>
  <testcase name="testModificarEmpleadoNoExistente()" classname="com.hrManagement.unit.logica.EmpleadoLogicaTest" time="0.023"/>
  <testcase name="testObtenerEmpleadoPorID()" classname="com.hrManagement.unit.logica.EmpleadoLogicaTest" time="0.016"/>
  <testcase name="testEliminarEmpleado()" classname="com.hrManagement.unit.logica.EmpleadoLogicaTest" time="0.025"/>
  <testcase name="testEliminarEmpleadoNoExistente()" classname="com.hrManagement.unit.logica.EmpleadoLogicaTest" time="0.014"/>
  <testcase name="testObtenerTodosLosEmpleados()" classname="com.hrManagement.unit.logica.EmpleadoLogicaTest" time="0.012"/>
  <testcase name="testModificarEmpleado()" classname="com.hrManagement.unit.logica.EmpleadoLogicaTest" time="0.021"/>
  <testcase name="testObtenerEmpleadosPorCargo()" classname="com.hrManagement.unit.logica.EmpleadoLogicaTest" time="0.009"/>
  <testcase name="testGuardarEmpleado()" classname="com.hrManagement.unit.logica.EmpleadoLogicaTest" time="0.011"/>
  <testcase name="testGuardarEmpleadoExistente()" classname="com.hrManagement.unit.logica.EmpleadoLogicaTest" time="0.012"/>
  <system-out><![CDATA[2023-09-27 20:52:25.741  INFO 20740 --- [    Test worker] .b.t.c.SpringBootTestContextBootstrapper : Neither @ContextConfiguration nor @ContextHierarchy found for test class [com.hrManagement.unit.logica.EmpleadoLogicaTest], using SpringBootContextLoader
2023-09-27 20:52:25.744  INFO 20740 --- [    Test worker] o.s.t.c.support.AbstractContextLoader    : Could not detect default resource locations for test class [com.hrManagement.unit.logica.EmpleadoLogicaTest]: no resource found for suffixes {-context.xml, Context.groovy}.
2023-09-27 20:52:25.745  INFO 20740 --- [    Test worker] t.c.s.AnnotationConfigContextLoaderUtils : Could not detect default configuration classes for test class [com.hrManagement.unit.logica.EmpleadoLogicaTest]: EmpleadoLogicaTest does not declare any static, non-private, non-final, nested classes annotated with @Configuration.
2023-09-27 20:52:25.769  INFO 20740 --- [    Test worker] .b.t.c.SpringBootTestContextBootstrapper : Found @SpringBootConfiguration com.hrManagement.HrmanamentApplication for test class com.hrManagement.unit.logica.EmpleadoLogicaTest
2023-09-27 20:52:25.774  INFO 20740 --- [    Test worker] .b.t.c.SpringBootTestContextBootstrapper : Loaded default TestExecutionListener class names from location [META-INF/spring.factories]: [org.springframework.boot.test.autoconfigure.restdocs.RestDocsTestExecutionListener, org.springframework.boot.test.autoconfigure.web.client.MockRestServiceServerResetTestExecutionListener, org.springframework.boot.test.autoconfigure.web.servlet.MockMvcPrintOnlyOnFailureTestExecutionListener, org.springframework.boot.test.autoconfigure.web.servlet.WebDriverTestExecutionListener, org.springframework.boot.test.autoconfigure.webservices.client.MockWebServiceServerTestExecutionListener, org.springframework.boot.test.mock.mockito.MockitoTestExecutionListener, org.springframework.boot.test.mock.mockito.ResetMocksTestExecutionListener, org.springframework.test.context.web.ServletTestExecutionListener, org.springframework.test.context.support.DirtiesContextBeforeModesTestExecutionListener, org.springframework.test.context.event.ApplicationEventsTestExecutionListener, org.springframework.test.context.support.DependencyInjectionTestExecutionListener, org.springframework.test.context.support.DirtiesContextTestExecutionListener, org.springframework.test.context.transaction.TransactionalTestExecutionListener, org.springframework.test.context.jdbc.SqlScriptsTestExecutionListener, org.springframework.test.context.event.EventPublishingTestExecutionListener]
2023-09-27 20:52:25.775  INFO 20740 --- [    Test worker] .b.t.c.SpringBootTestContextBootstrapper : Using TestExecutionListeners: [org.springframework.test.context.web.ServletTestExecutionListener@49035687, org.springframework.test.context.support.DirtiesContextBeforeModesTestExecutionListener@36987af5, org.springframework.test.context.event.ApplicationEventsTestExecutionListener@35422a67, org.springframework.boot.test.mock.mockito.MockitoTestExecutionListener@274b79b7, org.springframework.boot.test.autoconfigure.SpringBootDependencyInjectionTestExecutionListener@74afb4b7, org.springframework.test.context.support.DirtiesContextTestExecutionListener@1953705, org.springframework.test.context.transaction.TransactionalTestExecutionListener@25a02442, org.springframework.test.context.jdbc.SqlScriptsTestExecutionListener@59da7780, org.springframework.test.context.event.EventPublishingTestExecutionListener@50597a00, org.springframework.boot.test.autoconfigure.restdocs.RestDocsTestExecutionListener@785c5211, org.springframework.boot.test.autoconfigure.web.client.MockRestServiceServerResetTestExecutionListener@5c7afb6c, org.springframework.boot.test.autoconfigure.web.servlet.MockMvcPrintOnlyOnFailureTestExecutionListener@5696e114, org.springframework.boot.test.autoconfigure.web.servlet.WebDriverTestExecutionListener@4d0408bc, org.springframework.boot.test.autoconfigure.webservices.client.MockWebServiceServerTestExecutionListener@57d207d7, org.springframework.boot.test.mock.mockito.ResetMocksTestExecutionListener@5cf827da]
]]></system-out>
  <system-err><![CDATA[]]></system-err>
</testsuite>
