<?xml version="1.0" encoding="UTF-8"?>
<testsuite name="com.hrManagement.unit.logica.EmpleadoLogicaTest" tests="9" skipped="0" failures="0" errors="0" timestamp="2023-09-28T20:49:03" hostname="DESKTOP-OJ4FGVN" time="0.118">
  <properties/>
  <testcase name="testModificarEmpleadoNoExistente()" classname="com.hrManagement.unit.logica.EmpleadoLogicaTest" time="0.012"/>
  <testcase name="testObtenerEmpleadoPorID()" classname="com.hrManagement.unit.logica.EmpleadoLogicaTest" time="0.019"/>
  <testcase name="testEliminarEmpleado()" classname="com.hrManagement.unit.logica.EmpleadoLogicaTest" time="0.017"/>
  <testcase name="testEliminarEmpleadoNoExistente()" classname="com.hrManagement.unit.logica.EmpleadoLogicaTest" time="0.008"/>
  <testcase name="testObtenerTodosLosEmpleados()" classname="com.hrManagement.unit.logica.EmpleadoLogicaTest" time="0.006"/>
  <testcase name="testModificarEmpleado()" classname="com.hrManagement.unit.logica.EmpleadoLogicaTest" time="0.01"/>
  <testcase name="testObtenerEmpleadosPorCargo()" classname="com.hrManagement.unit.logica.EmpleadoLogicaTest" time="0.008"/>
  <testcase name="testGuardarEmpleado()" classname="com.hrManagement.unit.logica.EmpleadoLogicaTest" time="0.008"/>
  <testcase name="testGuardarEmpleadoExistente()" classname="com.hrManagement.unit.logica.EmpleadoLogicaTest" time="0.007"/>
  <system-out><![CDATA[2023-09-28 15:49:03.865  INFO 17152 --- [    Test worker] .b.t.c.SpringBootTestContextBootstrapper : Neither @ContextConfiguration nor @ContextHierarchy found for test class [com.hrManagement.unit.logica.EmpleadoLogicaTest], using SpringBootContextLoader
2023-09-28 15:49:03.867  INFO 17152 --- [    Test worker] o.s.t.c.support.AbstractContextLoader    : Could not detect default resource locations for test class [com.hrManagement.unit.logica.EmpleadoLogicaTest]: no resource found for suffixes {-context.xml, Context.groovy}.
2023-09-28 15:49:03.867  INFO 17152 --- [    Test worker] t.c.s.AnnotationConfigContextLoaderUtils : Could not detect default configuration classes for test class [com.hrManagement.unit.logica.EmpleadoLogicaTest]: EmpleadoLogicaTest does not declare any static, non-private, non-final, nested classes annotated with @Configuration.
2023-09-28 15:49:03.881  INFO 17152 --- [    Test worker] .b.t.c.SpringBootTestContextBootstrapper : Found @SpringBootConfiguration com.hrManagement.HrmanamentApplication for test class com.hrManagement.unit.logica.EmpleadoLogicaTest
2023-09-28 15:49:03.884  INFO 17152 --- [    Test worker] .b.t.c.SpringBootTestContextBootstrapper : Loaded default TestExecutionListener class names from location [META-INF/spring.factories]: [org.springframework.boot.test.autoconfigure.restdocs.RestDocsTestExecutionListener, org.springframework.boot.test.autoconfigure.web.client.MockRestServiceServerResetTestExecutionListener, org.springframework.boot.test.autoconfigure.web.servlet.MockMvcPrintOnlyOnFailureTestExecutionListener, org.springframework.boot.test.autoconfigure.web.servlet.WebDriverTestExecutionListener, org.springframework.boot.test.autoconfigure.webservices.client.MockWebServiceServerTestExecutionListener, org.springframework.boot.test.mock.mockito.MockitoTestExecutionListener, org.springframework.boot.test.mock.mockito.ResetMocksTestExecutionListener, org.springframework.test.context.web.ServletTestExecutionListener, org.springframework.test.context.support.DirtiesContextBeforeModesTestExecutionListener, org.springframework.test.context.event.ApplicationEventsTestExecutionListener, org.springframework.test.context.support.DependencyInjectionTestExecutionListener, org.springframework.test.context.support.DirtiesContextTestExecutionListener, org.springframework.test.context.transaction.TransactionalTestExecutionListener, org.springframework.test.context.jdbc.SqlScriptsTestExecutionListener, org.springframework.test.context.event.EventPublishingTestExecutionListener]
2023-09-28 15:49:03.884  INFO 17152 --- [    Test worker] .b.t.c.SpringBootTestContextBootstrapper : Using TestExecutionListeners: [org.springframework.test.context.web.ServletTestExecutionListener@7c6497f6, org.springframework.test.context.support.DirtiesContextBeforeModesTestExecutionListener@55464dd5, org.springframework.test.context.event.ApplicationEventsTestExecutionListener@728a40d1, org.springframework.boot.test.mock.mockito.MockitoTestExecutionListener@77ab932e, org.springframework.boot.test.autoconfigure.SpringBootDependencyInjectionTestExecutionListener@2f28710a, org.springframework.test.context.support.DirtiesContextTestExecutionListener@48e7a9df, org.springframework.test.context.transaction.TransactionalTestExecutionListener@68cbe4da, org.springframework.test.context.jdbc.SqlScriptsTestExecutionListener@4352280e, org.springframework.test.context.event.EventPublishingTestExecutionListener@2f1ea14f, org.springframework.boot.test.autoconfigure.restdocs.RestDocsTestExecutionListener@5ac24c22, org.springframework.boot.test.autoconfigure.web.client.MockRestServiceServerResetTestExecutionListener@6d988e94, org.springframework.boot.test.autoconfigure.web.servlet.MockMvcPrintOnlyOnFailureTestExecutionListener@3f58c971, org.springframework.boot.test.autoconfigure.web.servlet.WebDriverTestExecutionListener@6516130c, org.springframework.boot.test.autoconfigure.webservices.client.MockWebServiceServerTestExecutionListener@2d7df0d0, org.springframework.boot.test.mock.mockito.ResetMocksTestExecutionListener@43837c5]
]]></system-out>
  <system-err><![CDATA[]]></system-err>
</testsuite>
