<?xml version="1.0" encoding="UTF-8"?>
<testsuite name="com.hrManagement.unit.logica.PerfilEmpleadoLogicaTest" tests="6" skipped="0" failures="0" errors="0" timestamp="2023-09-28T02:43:02" hostname="DESKTOP-OJ4FGVN" time="0.082">
  <properties/>
  <testcase name="obtenerPerfilEmpleadoPorID()" classname="com.hrManagement.unit.logica.PerfilEmpleadoLogicaTest" time="0.011"/>
  <testcase name="guardarPerfilEmpleado_camposVacios()" classname="com.hrManagement.unit.logica.PerfilEmpleadoLogicaTest" time="0.012"/>
  <testcase name="guardarPerfilEmpleado_guardadoExitoso()" classname="com.hrManagement.unit.logica.PerfilEmpleadoLogicaTest" time="0.011"/>
  <testcase name="eliminarPerfilEmpleado_perfilEmpleadoNoExiste()" classname="com.hrManagement.unit.logica.PerfilEmpleadoLogicaTest" time="0.011"/>
  <testcase name="eliminarPerfilEmpleado_eliminacionExitosa()" classname="com.hrManagement.unit.logica.PerfilEmpleadoLogicaTest" time="0.01"/>
  <testcase name="obtenerTodosLosPerfilesDeEmpleados()" classname="com.hrManagement.unit.logica.PerfilEmpleadoLogicaTest" time="0.009"/>
  <system-out><![CDATA[2023-09-27 21:43:02.615  INFO 18408 --- [    Test worker] .b.t.c.SpringBootTestContextBootstrapper : Neither @ContextConfiguration nor @ContextHierarchy found for test class [com.hrManagement.unit.logica.PerfilEmpleadoLogicaTest], using SpringBootContextLoader
2023-09-27 21:43:02.619  INFO 18408 --- [    Test worker] o.s.t.c.support.AbstractContextLoader    : Could not detect default resource locations for test class [com.hrManagement.unit.logica.PerfilEmpleadoLogicaTest]: no resource found for suffixes {-context.xml, Context.groovy}.
2023-09-27 21:43:02.621  INFO 18408 --- [    Test worker] t.c.s.AnnotationConfigContextLoaderUtils : Could not detect default configuration classes for test class [com.hrManagement.unit.logica.PerfilEmpleadoLogicaTest]: PerfilEmpleadoLogicaTest does not declare any static, non-private, non-final, nested classes annotated with @Configuration.
2023-09-27 21:43:02.629  INFO 18408 --- [    Test worker] .b.t.c.SpringBootTestContextBootstrapper : Found @SpringBootConfiguration com.hrManagement.HrmanamentApplication for test class com.hrManagement.unit.logica.PerfilEmpleadoLogicaTest
2023-09-27 21:43:02.634  INFO 18408 --- [    Test worker] .b.t.c.SpringBootTestContextBootstrapper : Loaded default TestExecutionListener class names from location [META-INF/spring.factories]: [org.springframework.boot.test.autoconfigure.restdocs.RestDocsTestExecutionListener, org.springframework.boot.test.autoconfigure.web.client.MockRestServiceServerResetTestExecutionListener, org.springframework.boot.test.autoconfigure.web.servlet.MockMvcPrintOnlyOnFailureTestExecutionListener, org.springframework.boot.test.autoconfigure.web.servlet.WebDriverTestExecutionListener, org.springframework.boot.test.autoconfigure.webservices.client.MockWebServiceServerTestExecutionListener, org.springframework.boot.test.mock.mockito.MockitoTestExecutionListener, org.springframework.boot.test.mock.mockito.ResetMocksTestExecutionListener, org.springframework.test.context.web.ServletTestExecutionListener, org.springframework.test.context.support.DirtiesContextBeforeModesTestExecutionListener, org.springframework.test.context.event.ApplicationEventsTestExecutionListener, org.springframework.test.context.support.DependencyInjectionTestExecutionListener, org.springframework.test.context.support.DirtiesContextTestExecutionListener, org.springframework.test.context.transaction.TransactionalTestExecutionListener, org.springframework.test.context.jdbc.SqlScriptsTestExecutionListener, org.springframework.test.context.event.EventPublishingTestExecutionListener]
2023-09-27 21:43:02.635  INFO 18408 --- [    Test worker] .b.t.c.SpringBootTestContextBootstrapper : Using TestExecutionListeners: [org.springframework.test.context.web.ServletTestExecutionListener@5bd817, org.springframework.test.context.support.DirtiesContextBeforeModesTestExecutionListener@522c4079, org.springframework.test.context.event.ApplicationEventsTestExecutionListener@6fb4ea51, org.springframework.boot.test.mock.mockito.MockitoTestExecutionListener@54fdead9, org.springframework.boot.test.autoconfigure.SpringBootDependencyInjectionTestExecutionListener@ab80b31, org.springframework.test.context.support.DirtiesContextTestExecutionListener@3a27ad97, org.springframework.test.context.transaction.TransactionalTestExecutionListener@72893ee0, org.springframework.test.context.jdbc.SqlScriptsTestExecutionListener@4919a94a, org.springframework.test.context.event.EventPublishingTestExecutionListener@332d2db, org.springframework.boot.test.autoconfigure.restdocs.RestDocsTestExecutionListener@4fe8c3f, org.springframework.boot.test.autoconfigure.web.client.MockRestServiceServerResetTestExecutionListener@3f3bdc7e, org.springframework.boot.test.autoconfigure.web.servlet.MockMvcPrintOnlyOnFailureTestExecutionListener@3b6c712a, org.springframework.boot.test.autoconfigure.web.servlet.WebDriverTestExecutionListener@2e5dd896, org.springframework.boot.test.autoconfigure.webservices.client.MockWebServiceServerTestExecutionListener@5eb22616, org.springframework.boot.test.mock.mockito.ResetMocksTestExecutionListener@3f8bc992]
]]></system-out>
  <system-err><![CDATA[]]></system-err>
</testsuite>
