<?xml version="1.0" encoding="UTF-8"?>
<testsuite name="com.hrManagement.unit.controller.EmpleadoControllerTest" tests="6" skipped="0" failures="0" errors="0" timestamp="2023-09-27T20:28:33" hostname="LAPTOP-MOFDOF3V" time="0.057">
  <properties/>
  <testcase name="testEliminarEmpleado()" classname="com.hrManagement.unit.controller.EmpleadoControllerTest" time="0.018"/>
  <testcase name="testObtenerTodosLosEmpleados()" classname="com.hrManagement.unit.controller.EmpleadoControllerTest" time="0.004"/>
  <testcase name="testAgregarEmpleado()" classname="com.hrManagement.unit.controller.EmpleadoControllerTest" time="0.005"/>
  <testcase name="testModificarEmpleado()" classname="com.hrManagement.unit.controller.EmpleadoControllerTest" time="0.006"/>
  <testcase name="testObtenerEmpleadosPorCargo()" classname="com.hrManagement.unit.controller.EmpleadoControllerTest" time="0.006"/>
  <testcase name="testObtenerDatosEmpleadoPorID()" classname="com.hrManagement.unit.controller.EmpleadoControllerTest" time="0.007"/>
  <system-out><![CDATA[2023-09-27 15:28:33.448  INFO 732 --- [    Test worker] .b.t.c.SpringBootTestContextBootstrapper : Neither @ContextConfiguration nor @ContextHierarchy found for test class [com.hrManagement.unit.controller.EmpleadoControllerTest], using SpringBootContextLoader
2023-09-27 15:28:33.450  INFO 732 --- [    Test worker] o.s.t.c.support.AbstractContextLoader    : Could not detect default resource locations for test class [com.hrManagement.unit.controller.EmpleadoControllerTest]: no resource found for suffixes {-context.xml, Context.groovy}.
2023-09-27 15:28:33.451  INFO 732 --- [    Test worker] t.c.s.AnnotationConfigContextLoaderUtils : Could not detect default configuration classes for test class [com.hrManagement.unit.controller.EmpleadoControllerTest]: EmpleadoControllerTest does not declare any static, non-private, non-final, nested classes annotated with @Configuration.
2023-09-27 15:28:33.463  INFO 732 --- [    Test worker] .b.t.c.SpringBootTestContextBootstrapper : Found @SpringBootConfiguration com.hrManagement.HrmanamentApplication for test class com.hrManagement.unit.controller.EmpleadoControllerTest
2023-09-27 15:28:33.465  INFO 732 --- [    Test worker] .b.t.c.SpringBootTestContextBootstrapper : Loaded default TestExecutionListener class names from location [META-INF/spring.factories]: [org.springframework.boot.test.autoconfigure.restdocs.RestDocsTestExecutionListener, org.springframework.boot.test.autoconfigure.web.client.MockRestServiceServerResetTestExecutionListener, org.springframework.boot.test.autoconfigure.web.servlet.MockMvcPrintOnlyOnFailureTestExecutionListener, org.springframework.boot.test.autoconfigure.web.servlet.WebDriverTestExecutionListener, org.springframework.boot.test.autoconfigure.webservices.client.MockWebServiceServerTestExecutionListener, org.springframework.boot.test.mock.mockito.MockitoTestExecutionListener, org.springframework.boot.test.mock.mockito.ResetMocksTestExecutionListener, org.springframework.test.context.web.ServletTestExecutionListener, org.springframework.test.context.support.DirtiesContextBeforeModesTestExecutionListener, org.springframework.test.context.event.ApplicationEventsTestExecutionListener, org.springframework.test.context.support.DependencyInjectionTestExecutionListener, org.springframework.test.context.support.DirtiesContextTestExecutionListener, org.springframework.test.context.transaction.TransactionalTestExecutionListener, org.springframework.test.context.jdbc.SqlScriptsTestExecutionListener, org.springframework.test.context.event.EventPublishingTestExecutionListener]
2023-09-27 15:28:33.465  INFO 732 --- [    Test worker] .b.t.c.SpringBootTestContextBootstrapper : Using TestExecutionListeners: [org.springframework.test.context.web.ServletTestExecutionListener@5d1d05ff, org.springframework.test.context.support.DirtiesContextBeforeModesTestExecutionListener@5889e697, org.springframework.test.context.event.ApplicationEventsTestExecutionListener@2c3d1214, org.springframework.boot.test.mock.mockito.MockitoTestExecutionListener@48064a5a, org.springframework.boot.test.autoconfigure.SpringBootDependencyInjectionTestExecutionListener@7d018c58, org.springframework.test.context.support.DirtiesContextTestExecutionListener@6a2b6031, org.springframework.test.context.transaction.TransactionalTestExecutionListener@2e4262d2, org.springframework.test.context.jdbc.SqlScriptsTestExecutionListener@546ca9da, org.springframework.test.context.event.EventPublishingTestExecutionListener@257e8c43, org.springframework.boot.test.autoconfigure.restdocs.RestDocsTestExecutionListener@14e54a35, org.springframework.boot.test.autoconfigure.web.client.MockRestServiceServerResetTestExecutionListener@298cfe89, org.springframework.boot.test.autoconfigure.web.servlet.MockMvcPrintOnlyOnFailureTestExecutionListener@189fb01b, org.springframework.boot.test.autoconfigure.web.servlet.WebDriverTestExecutionListener@49522bdf, org.springframework.boot.test.autoconfigure.webservices.client.MockWebServiceServerTestExecutionListener@77587422, org.springframework.boot.test.mock.mockito.ResetMocksTestExecutionListener@39eea4f6]
]]></system-out>
  <system-err><![CDATA[]]></system-err>
</testsuite>
