<?xml version="1.0" encoding="UTF-8"?>
<testsuite name="com.hrManagement.unit.logica.PerfilEmpleadoLogicaTest" tests="6" skipped="0" failures="0" errors="0" timestamp="2023-09-28T12:04:02" hostname="DESKTOP-OJ4FGVN" time="0.083">
  <properties/>
  <testcase name="obtenerPerfilEmpleadoPorID()" classname="com.hrManagement.unit.logica.PerfilEmpleadoLogicaTest" time="0.01"/>
  <testcase name="guardarPerfilEmpleado_camposVacios()" classname="com.hrManagement.unit.logica.PerfilEmpleadoLogicaTest" time="0.012"/>
  <testcase name="guardarPerfilEmpleado_guardadoExitoso()" classname="com.hrManagement.unit.logica.PerfilEmpleadoLogicaTest" time="0.011"/>
  <testcase name="eliminarPerfilEmpleado_perfilEmpleadoNoExiste()" classname="com.hrManagement.unit.logica.PerfilEmpleadoLogicaTest" time="0.008"/>
  <testcase name="eliminarPerfilEmpleado_eliminacionExitosa()" classname="com.hrManagement.unit.logica.PerfilEmpleadoLogicaTest" time="0.016"/>
  <testcase name="obtenerTodosLosPerfilesDeEmpleados()" classname="com.hrManagement.unit.logica.PerfilEmpleadoLogicaTest" time="0.01"/>
  <system-out><![CDATA[2023-09-28 07:04:02.124  INFO 17268 --- [    Test worker] .b.t.c.SpringBootTestContextBootstrapper : Neither @ContextConfiguration nor @ContextHierarchy found for test class [com.hrManagement.unit.logica.PerfilEmpleadoLogicaTest], using SpringBootContextLoader
2023-09-28 07:04:02.127  INFO 17268 --- [    Test worker] o.s.t.c.support.AbstractContextLoader    : Could not detect default resource locations for test class [com.hrManagement.unit.logica.PerfilEmpleadoLogicaTest]: no resource found for suffixes {-context.xml, Context.groovy}.
2023-09-28 07:04:02.128  INFO 17268 --- [    Test worker] t.c.s.AnnotationConfigContextLoaderUtils : Could not detect default configuration classes for test class [com.hrManagement.unit.logica.PerfilEmpleadoLogicaTest]: PerfilEmpleadoLogicaTest does not declare any static, non-private, non-final, nested classes annotated with @Configuration.
2023-09-28 07:04:02.134  INFO 17268 --- [    Test worker] .b.t.c.SpringBootTestContextBootstrapper : Found @SpringBootConfiguration com.hrManagement.HrmanamentApplication for test class com.hrManagement.unit.logica.PerfilEmpleadoLogicaTest
2023-09-28 07:04:02.138  INFO 17268 --- [    Test worker] .b.t.c.SpringBootTestContextBootstrapper : Loaded default TestExecutionListener class names from location [META-INF/spring.factories]: [org.springframework.boot.test.autoconfigure.restdocs.RestDocsTestExecutionListener, org.springframework.boot.test.autoconfigure.web.client.MockRestServiceServerResetTestExecutionListener, org.springframework.boot.test.autoconfigure.web.servlet.MockMvcPrintOnlyOnFailureTestExecutionListener, org.springframework.boot.test.autoconfigure.web.servlet.WebDriverTestExecutionListener, org.springframework.boot.test.autoconfigure.webservices.client.MockWebServiceServerTestExecutionListener, org.springframework.boot.test.mock.mockito.MockitoTestExecutionListener, org.springframework.boot.test.mock.mockito.ResetMocksTestExecutionListener, org.springframework.test.context.web.ServletTestExecutionListener, org.springframework.test.context.support.DirtiesContextBeforeModesTestExecutionListener, org.springframework.test.context.event.ApplicationEventsTestExecutionListener, org.springframework.test.context.support.DependencyInjectionTestExecutionListener, org.springframework.test.context.support.DirtiesContextTestExecutionListener, org.springframework.test.context.transaction.TransactionalTestExecutionListener, org.springframework.test.context.jdbc.SqlScriptsTestExecutionListener, org.springframework.test.context.event.EventPublishingTestExecutionListener]
2023-09-28 07:04:02.140  INFO 17268 --- [    Test worker] .b.t.c.SpringBootTestContextBootstrapper : Using TestExecutionListeners: [org.springframework.test.context.web.ServletTestExecutionListener@4b0ed578, org.springframework.test.context.support.DirtiesContextBeforeModesTestExecutionListener@6c4ae711, org.springframework.test.context.event.ApplicationEventsTestExecutionListener@5bd817, org.springframework.boot.test.mock.mockito.MockitoTestExecutionListener@522c4079, org.springframework.boot.test.autoconfigure.SpringBootDependencyInjectionTestExecutionListener@6fb4ea51, org.springframework.test.context.support.DirtiesContextTestExecutionListener@54fdead9, org.springframework.test.context.transaction.TransactionalTestExecutionListener@ab80b31, org.springframework.test.context.jdbc.SqlScriptsTestExecutionListener@3a27ad97, org.springframework.test.context.event.EventPublishingTestExecutionListener@72893ee0, org.springframework.boot.test.autoconfigure.restdocs.RestDocsTestExecutionListener@4919a94a, org.springframework.boot.test.autoconfigure.web.client.MockRestServiceServerResetTestExecutionListener@332d2db, org.springframework.boot.test.autoconfigure.web.servlet.MockMvcPrintOnlyOnFailureTestExecutionListener@4fe8c3f, org.springframework.boot.test.autoconfigure.web.servlet.WebDriverTestExecutionListener@3f3bdc7e, org.springframework.boot.test.autoconfigure.webservices.client.MockWebServiceServerTestExecutionListener@3b6c712a, org.springframework.boot.test.mock.mockito.ResetMocksTestExecutionListener@2e5dd896]
]]></system-out>
  <system-err><![CDATA[]]></system-err>
</testsuite>
