<?xml version="1.0" encoding="UTF-8"?>
<testsuite name="com.hrManagement.unit.logica.PerfilEmpleadoLogicaTest" tests="6" skipped="0" failures="0" errors="0" timestamp="2023-09-27T20:28:31" hostname="LAPTOP-MOFDOF3V" time="0.147">
  <properties/>
  <testcase name="obtenerPerfilEmpleadoPorID()" classname="com.hrManagement.unit.logica.PerfilEmpleadoLogicaTest" time="0.092"/>
  <testcase name="guardarPerfilEmpleado_camposVacios()" classname="com.hrManagement.unit.logica.PerfilEmpleadoLogicaTest" time="0.007"/>
  <testcase name="guardarPerfilEmpleado_guardadoExitoso()" classname="com.hrManagement.unit.logica.PerfilEmpleadoLogicaTest" time="0.011"/>
  <testcase name="eliminarPerfilEmpleado_perfilEmpleadoNoExiste()" classname="com.hrManagement.unit.logica.PerfilEmpleadoLogicaTest" time="0.015"/>
  <testcase name="eliminarPerfilEmpleado_eliminacionExitosa()" classname="com.hrManagement.unit.logica.PerfilEmpleadoLogicaTest" time="0.006"/>
  <testcase name="obtenerTodosLosPerfilesDeEmpleados()" classname="com.hrManagement.unit.logica.PerfilEmpleadoLogicaTest" time="0.005"/>
  <system-out><![CDATA[15:28:22.096 [Test worker] DEBUG org.springframework.test.context.BootstrapUtils - Instantiating CacheAwareContextLoaderDelegate from class [org.springframework.test.context.cache.DefaultCacheAwareContextLoaderDelegate]
15:28:22.115 [Test worker] DEBUG org.springframework.test.context.BootstrapUtils - Instantiating BootstrapContext using constructor [public org.springframework.test.context.support.DefaultBootstrapContext(java.lang.Class,org.springframework.test.context.CacheAwareContextLoaderDelegate)]
15:28:22.197 [Test worker] DEBUG org.springframework.test.context.BootstrapUtils - Instantiating TestContextBootstrapper for test class [com.hrManagement.unit.logica.PerfilEmpleadoLogicaTest] from class [org.springframework.boot.test.context.SpringBootTestContextBootstrapper]
15:28:22.218 [Test worker] INFO org.springframework.boot.test.context.SpringBootTestContextBootstrapper - Neither @ContextConfiguration nor @ContextHierarchy found for test class [com.hrManagement.unit.logica.PerfilEmpleadoLogicaTest], using SpringBootContextLoader
15:28:22.224 [Test worker] DEBUG org.springframework.test.context.support.AbstractContextLoader - Did not detect default resource location for test class [com.hrManagement.unit.logica.PerfilEmpleadoLogicaTest]: class path resource [com/hrManagement/unit/logica/PerfilEmpleadoLogicaTest-context.xml] does not exist
15:28:22.226 [Test worker] DEBUG org.springframework.test.context.support.AbstractContextLoader - Did not detect default resource location for test class [com.hrManagement.unit.logica.PerfilEmpleadoLogicaTest]: class path resource [com/hrManagement/unit/logica/PerfilEmpleadoLogicaTestContext.groovy] does not exist
15:28:22.226 [Test worker] INFO org.springframework.test.context.support.AbstractContextLoader - Could not detect default resource locations for test class [com.hrManagement.unit.logica.PerfilEmpleadoLogicaTest]: no resource found for suffixes {-context.xml, Context.groovy}.
15:28:22.227 [Test worker] INFO org.springframework.test.context.support.AnnotationConfigContextLoaderUtils - Could not detect default configuration classes for test class [com.hrManagement.unit.logica.PerfilEmpleadoLogicaTest]: PerfilEmpleadoLogicaTest does not declare any static, non-private, non-final, nested classes annotated with @Configuration.
15:28:22.405 [Test worker] DEBUG org.springframework.context.annotation.ClassPathScanningCandidateComponentProvider - Identified candidate component class: file [C:\Users\Juanes Villa\Downloads\HR-Management\hrmanament\build\classes\java\main\com\hrManagement\HrmanamentApplication.class]
15:28:22.407 [Test worker] INFO org.springframework.boot.test.context.SpringBootTestContextBootstrapper - Found @SpringBootConfiguration com.hrManagement.HrmanamentApplication for test class com.hrManagement.unit.logica.PerfilEmpleadoLogicaTest
15:28:22.582 [Test worker] DEBUG org.springframework.boot.test.context.SpringBootTestContextBootstrapper - @TestExecutionListeners is not present for class [com.hrManagement.unit.logica.PerfilEmpleadoLogicaTest]: using defaults.
15:28:22.585 [Test worker] INFO org.springframework.boot.test.context.SpringBootTestContextBootstrapper - Loaded default TestExecutionListener class names from location [META-INF/spring.factories]: [org.springframework.boot.test.autoconfigure.restdocs.RestDocsTestExecutionListener, org.springframework.boot.test.autoconfigure.web.client.MockRestServiceServerResetTestExecutionListener, org.springframework.boot.test.autoconfigure.web.servlet.MockMvcPrintOnlyOnFailureTestExecutionListener, org.springframework.boot.test.autoconfigure.web.servlet.WebDriverTestExecutionListener, org.springframework.boot.test.autoconfigure.webservices.client.MockWebServiceServerTestExecutionListener, org.springframework.boot.test.mock.mockito.MockitoTestExecutionListener, org.springframework.boot.test.mock.mockito.ResetMocksTestExecutionListener, org.springframework.test.context.web.ServletTestExecutionListener, org.springframework.test.context.support.DirtiesContextBeforeModesTestExecutionListener, org.springframework.test.context.event.ApplicationEventsTestExecutionListener, org.springframework.test.context.support.DependencyInjectionTestExecutionListener, org.springframework.test.context.support.DirtiesContextTestExecutionListener, org.springframework.test.context.transaction.TransactionalTestExecutionListener, org.springframework.test.context.jdbc.SqlScriptsTestExecutionListener, org.springframework.test.context.event.EventPublishingTestExecutionListener]
15:28:22.625 [Test worker] INFO org.springframework.boot.test.context.SpringBootTestContextBootstrapper - Using TestExecutionListeners: [org.springframework.test.context.web.ServletTestExecutionListener@4ef27d66, org.springframework.test.context.support.DirtiesContextBeforeModesTestExecutionListener@362a019c, org.springframework.test.context.event.ApplicationEventsTestExecutionListener@1d9bec4d, org.springframework.boot.test.mock.mockito.MockitoTestExecutionListener@5c48c0c0, org.springframework.boot.test.autoconfigure.SpringBootDependencyInjectionTestExecutionListener@10c8f62, org.springframework.test.context.support.DirtiesContextTestExecutionListener@674c583e, org.springframework.test.context.transaction.TransactionalTestExecutionListener@25f7391e, org.springframework.test.context.jdbc.SqlScriptsTestExecutionListener@3f23a3a0, org.springframework.test.context.event.EventPublishingTestExecutionListener@5ab14cb9, org.springframework.boot.test.autoconfigure.restdocs.RestDocsTestExecutionListener@5fb97279, org.springframework.boot.test.autoconfigure.web.client.MockRestServiceServerResetTestExecutionListener@439a8f59, org.springframework.boot.test.autoconfigure.web.servlet.MockMvcPrintOnlyOnFailureTestExecutionListener@61861a29, org.springframework.boot.test.autoconfigure.web.servlet.WebDriverTestExecutionListener@31024624, org.springframework.boot.test.autoconfigure.webservices.client.MockWebServiceServerTestExecutionListener@25bcd0c7, org.springframework.boot.test.mock.mockito.ResetMocksTestExecutionListener@32cb636e]
15:28:22.631 [Test worker] DEBUG org.springframework.test.context.support.AbstractDirtiesContextTestExecutionListener - Before test class: context [DefaultTestContext@403132fc testClass = PerfilEmpleadoLogicaTest, testInstance = [null], testMethod = [null], testException = [null], mergedContextConfiguration = [WebMergedContextConfiguration@71c5b236 testClass = PerfilEmpleadoLogicaTest, locations = '{}', classes = '{class com.hrManagement.HrmanamentApplication}', contextInitializerClasses = '[]', activeProfiles = '{test}', propertySourceLocations = '{}', propertySourceProperties = '{org.springframework.boot.test.context.SpringBootTestContextBootstrapper=true, server.port=0}', contextCustomizers = set[org.springframework.boot.test.autoconfigure.actuate.metrics.MetricsExportContextCustomizerFactory$DisableMetricExportContextCustomizer@4df5bcb4, org.springframework.boot.test.autoconfigure.properties.PropertyMappingContextCustomizer@0, org.springframework.boot.test.autoconfigure.web.servlet.WebDriverContextCustomizerFactory$Customizer@2a76840c, org.springframework.boot.test.context.filter.ExcludeFilterContextCustomizer@39fcbef6, org.springframework.boot.test.json.DuplicateJsonObjectContextCustomizerFactory$DuplicateJsonObjectContextCustomizer@35f26e72, org.springframework.boot.test.mock.mockito.MockitoContextCustomizer@0, org.springframework.boot.test.web.client.TestRestTemplateContextCustomizer@32193bea, org.springframework.boot.test.context.SpringBootTestArgs@1, org.springframework.boot.test.context.SpringBootTestWebEnvironment@48f278eb], resourceBasePath = 'src/main/webapp', contextLoader = 'org.springframework.boot.test.context.SpringBootContextLoader', parent = [null]], attributes = map['org.springframework.test.context.web.ServletTestExecutionListener.activateListener' -> false]], class annotated with @DirtiesContext [false] with mode [null].
15:28:23.905 [Test worker] DEBUG org.springframework.test.context.support.DependencyInjectionTestExecutionListener - Performing dependency injection for test context [[DefaultTestContext@403132fc testClass = PerfilEmpleadoLogicaTest, testInstance = com.hrManagement.unit.logica.PerfilEmpleadoLogicaTest@1fac1d5c, testMethod = [null], testException = [null], mergedContextConfiguration = [WebMergedContextConfiguration@71c5b236 testClass = PerfilEmpleadoLogicaTest, locations = '{}', classes = '{class com.hrManagement.HrmanamentApplication}', contextInitializerClasses = '[]', activeProfiles = '{test}', propertySourceLocations = '{}', propertySourceProperties = '{org.springframework.boot.test.context.SpringBootTestContextBootstrapper=true, server.port=0}', contextCustomizers = set[org.springframework.boot.test.autoconfigure.actuate.metrics.MetricsExportContextCustomizerFactory$DisableMetricExportContextCustomizer@4df5bcb4, org.springframework.boot.test.autoconfigure.properties.PropertyMappingContextCustomizer@0, org.springframework.boot.test.autoconfigure.web.servlet.WebDriverContextCustomizerFactory$Customizer@2a76840c, org.springframework.boot.test.context.filter.ExcludeFilterContextCustomizer@39fcbef6, org.springframework.boot.test.json.DuplicateJsonObjectContextCustomizerFactory$DuplicateJsonObjectContextCustomizer@35f26e72, org.springframework.boot.test.mock.mockito.MockitoContextCustomizer@0, org.springframework.boot.test.web.client.TestRestTemplateContextCustomizer@32193bea, org.springframework.boot.test.context.SpringBootTestArgs@1, org.springframework.boot.test.context.SpringBootTestWebEnvironment@48f278eb], resourceBasePath = 'src/main/webapp', contextLoader = 'org.springframework.boot.test.context.SpringBootContextLoader', parent = [null]], attributes = map['org.springframework.test.context.web.ServletTestExecutionListener.activateListener' -> false, 'org.springframework.test.context.event.ApplicationEventsTestExecutionListener.recordApplicationEvents' -> false, 'org.springframework.boot.test.mock.mockito.MockitoTestExecutionListener.mocks' -> org.mockito.internal.configuration.InjectingAnnotationEngine$$Lambda$454/0x00000253322bfd58@108a46d6]]].

  .   ____          _            __ _ _
 /\\ / ___'_ __ _ _(_)_ __  __ _ \ \ \ \
( ( )\___ | '_ | '_| | '_ \/ _` | \ \ \ \
 \\/  ___)| |_)| | | | | || (_| |  ) ) ) )
  '  |____| .__|_| |_|_| |_\__, | / / / /
 =========|_|==============|___/=/_/_/_/
 :: Spring Boot ::               (v2.7.15)

2023-09-27 15:28:24.633  INFO 732 --- [    Test worker] c.h.u.logica.PerfilEmpleadoLogicaTest    : Starting PerfilEmpleadoLogicaTest using Java 17.0.8 on LAPTOP-MOFDOF3V with PID 732 (started by Juanes Villa in C:\Users\Juanes Villa\Downloads\HR-Management\hrmanament)
2023-09-27 15:28:24.636  INFO 732 --- [    Test worker] c.h.u.logica.PerfilEmpleadoLogicaTest    : The following 1 profile is active: "test"
2023-09-27 15:28:25.743  INFO 732 --- [    Test worker] .s.d.r.c.RepositoryConfigurationDelegate : Bootstrapping Spring Data JPA repositories in DEFAULT mode.
2023-09-27 15:28:25.841  INFO 732 --- [    Test worker] .s.d.r.c.RepositoryConfigurationDelegate : Finished Spring Data repository scanning in 72 ms. Found 2 JPA repository interfaces.
2023-09-27 15:28:27.102  INFO 732 --- [    Test worker] o.s.b.w.embedded.tomcat.TomcatWebServer  : Tomcat initialized with port(s): 0 (http)
2023-09-27 15:28:27.128  INFO 732 --- [    Test worker] o.apache.catalina.core.StandardService   : Starting service [Tomcat]
2023-09-27 15:28:27.128  INFO 732 --- [    Test worker] org.apache.catalina.core.StandardEngine  : Starting Servlet engine: [Apache Tomcat/9.0.79]
2023-09-27 15:28:27.361  INFO 732 --- [    Test worker] o.a.c.c.C.[Tomcat].[localhost].[/]       : Initializing Spring embedded WebApplicationContext
2023-09-27 15:28:27.362  INFO 732 --- [    Test worker] w.s.c.ServletWebServerApplicationContext : Root WebApplicationContext: initialization completed in 2686 ms
2023-09-27 15:28:27.894  INFO 732 --- [    Test worker] o.hibernate.jpa.internal.util.LogHelper  : HHH000204: Processing PersistenceUnitInfo [name: default]
2023-09-27 15:28:28.038  INFO 732 --- [    Test worker] org.hibernate.Version                    : HHH000412: Hibernate ORM core version 5.6.15.Final
2023-09-27 15:28:28.127  INFO 732 --- [    Test worker] o.hibernate.annotations.common.Version   : HCANN000001: Hibernate Commons Annotations {5.1.2.Final}
2023-09-27 15:28:28.351  INFO 732 --- [    Test worker] com.zaxxer.hikari.HikariDataSource       : HikariPool-1 - Starting...
2023-09-27 15:28:28.751  INFO 732 --- [    Test worker] com.zaxxer.hikari.HikariDataSource       : HikariPool-1 - Start completed.
2023-09-27 15:28:28.792  INFO 732 --- [    Test worker] org.hibernate.dialect.Dialect            : HHH000400: Using dialect: org.hibernate.dialect.H2Dialect
2023-09-27 15:28:29.762  INFO 732 --- [    Test worker] o.h.e.t.j.p.i.JtaPlatformInitiator       : HHH000490: Using JtaPlatform implementation: [org.hibernate.engine.transaction.jta.platform.internal.NoJtaPlatform]
2023-09-27 15:28:29.792  INFO 732 --- [    Test worker] j.LocalContainerEntityManagerFactoryBean : Initialized JPA EntityManagerFactory for persistence unit 'default'
2023-09-27 15:28:30.561  WARN 732 --- [    Test worker] JpaBaseConfiguration$JpaWebConfiguration : spring.jpa.open-in-view is enabled by default. Therefore, database queries may be performed during view rendering. Explicitly configure spring.jpa.open-in-view to disable this warning
2023-09-27 15:28:31.818  INFO 732 --- [    Test worker] o.s.b.w.embedded.tomcat.TomcatWebServer  : Tomcat started on port(s): 64407 (http) with context path ''
2023-09-27 15:28:31.842  INFO 732 --- [    Test worker] c.h.u.logica.PerfilEmpleadoLogicaTest    : Started PerfilEmpleadoLogicaTest in 7.866 seconds (JVM running for 11.342)
]]></system-out>
  <system-err><![CDATA[]]></system-err>
</testsuite>
