<?xml version="1.0" encoding="UTF-8"?>
<testsuite name="com.hrManagement.HrmanamentApplicationTests" tests="1" skipped="0" failures="0" errors="0" timestamp="2023-09-28T01:52:20" hostname="DESKTOP-OJ4FGVN" time="0.386">
  <properties/>
  <testcase name="contextLoads()" classname="com.hrManagement.HrmanamentApplicationTests" time="0.386"/>
  <system-out><![CDATA[20:52:06.098 [Test worker] DEBUG org.springframework.test.context.BootstrapUtils - Instantiating CacheAwareContextLoaderDelegate from class [org.springframework.test.context.cache.DefaultCacheAwareContextLoaderDelegate]
20:52:06.155 [Test worker] DEBUG org.springframework.test.context.BootstrapUtils - Instantiating BootstrapContext using constructor [public org.springframework.test.context.support.DefaultBootstrapContext(java.lang.Class,org.springframework.test.context.CacheAwareContextLoaderDelegate)]
20:52:06.292 [Test worker] DEBUG org.springframework.test.context.BootstrapUtils - Instantiating TestContextBootstrapper for test class [com.hrManagement.HrmanamentApplicationTests] from class [org.springframework.boot.test.context.SpringBootTestContextBootstrapper]
20:52:06.355 [Test worker] INFO org.springframework.boot.test.context.SpringBootTestContextBootstrapper - Neither @ContextConfiguration nor @ContextHierarchy found for test class [com.hrManagement.HrmanamentApplicationTests], using SpringBootContextLoader
20:52:06.368 [Test worker] DEBUG org.springframework.test.context.support.AbstractContextLoader - Did not detect default resource location for test class [com.hrManagement.HrmanamentApplicationTests]: class path resource [com/hrManagement/HrmanamentApplicationTests-context.xml] does not exist
20:52:06.370 [Test worker] DEBUG org.springframework.test.context.support.AbstractContextLoader - Did not detect default resource location for test class [com.hrManagement.HrmanamentApplicationTests]: class path resource [com/hrManagement/HrmanamentApplicationTestsContext.groovy] does not exist
20:52:06.370 [Test worker] INFO org.springframework.test.context.support.AbstractContextLoader - Could not detect default resource locations for test class [com.hrManagement.HrmanamentApplicationTests]: no resource found for suffixes {-context.xml, Context.groovy}.
20:52:06.371 [Test worker] INFO org.springframework.test.context.support.AnnotationConfigContextLoaderUtils - Could not detect default configuration classes for test class [com.hrManagement.HrmanamentApplicationTests]: HrmanamentApplicationTests does not declare any static, non-private, non-final, nested classes annotated with @Configuration.
20:52:06.701 [Test worker] DEBUG org.springframework.context.annotation.ClassPathScanningCandidateComponentProvider - Identified candidate component class: file [C:\Users\SEBASTIAN\Desktop\Arquitectura\HR-Management\HR-Management\hrmanament\build\classes\java\main\com\hrManagement\HrmanamentApplication.class]
20:52:06.704 [Test worker] INFO org.springframework.boot.test.context.SpringBootTestContextBootstrapper - Found @SpringBootConfiguration com.hrManagement.HrmanamentApplication for test class com.hrManagement.HrmanamentApplicationTests
20:52:07.027 [Test worker] DEBUG org.springframework.boot.test.context.SpringBootTestContextBootstrapper - @TestExecutionListeners is not present for class [com.hrManagement.HrmanamentApplicationTests]: using defaults.
20:52:07.028 [Test worker] INFO org.springframework.boot.test.context.SpringBootTestContextBootstrapper - Loaded default TestExecutionListener class names from location [META-INF/spring.factories]: [org.springframework.boot.test.autoconfigure.restdocs.RestDocsTestExecutionListener, org.springframework.boot.test.autoconfigure.web.client.MockRestServiceServerResetTestExecutionListener, org.springframework.boot.test.autoconfigure.web.servlet.MockMvcPrintOnlyOnFailureTestExecutionListener, org.springframework.boot.test.autoconfigure.web.servlet.WebDriverTestExecutionListener, org.springframework.boot.test.autoconfigure.webservices.client.MockWebServiceServerTestExecutionListener, org.springframework.boot.test.mock.mockito.MockitoTestExecutionListener, org.springframework.boot.test.mock.mockito.ResetMocksTestExecutionListener, org.springframework.test.context.web.ServletTestExecutionListener, org.springframework.test.context.support.DirtiesContextBeforeModesTestExecutionListener, org.springframework.test.context.event.ApplicationEventsTestExecutionListener, org.springframework.test.context.support.DependencyInjectionTestExecutionListener, org.springframework.test.context.support.DirtiesContextTestExecutionListener, org.springframework.test.context.transaction.TransactionalTestExecutionListener, org.springframework.test.context.jdbc.SqlScriptsTestExecutionListener, org.springframework.test.context.event.EventPublishingTestExecutionListener]
20:52:07.085 [Test worker] INFO org.springframework.boot.test.context.SpringBootTestContextBootstrapper - Using TestExecutionListeners: [org.springframework.test.context.web.ServletTestExecutionListener@7f9e8421, org.springframework.test.context.support.DirtiesContextBeforeModesTestExecutionListener@23da79eb, org.springframework.test.context.event.ApplicationEventsTestExecutionListener@168b4cb0, org.springframework.boot.test.mock.mockito.MockitoTestExecutionListener@3e05586b, org.springframework.boot.test.autoconfigure.SpringBootDependencyInjectionTestExecutionListener@35b17c06, org.springframework.test.context.support.DirtiesContextTestExecutionListener@45545e7a, org.springframework.test.context.transaction.TransactionalTestExecutionListener@9f674ac, org.springframework.test.context.jdbc.SqlScriptsTestExecutionListener@1da4b3f9, org.springframework.test.context.event.EventPublishingTestExecutionListener@23cbbd07, org.springframework.boot.test.autoconfigure.restdocs.RestDocsTestExecutionListener@448b808a, org.springframework.boot.test.autoconfigure.web.client.MockRestServiceServerResetTestExecutionListener@7e62cfa3, org.springframework.boot.test.autoconfigure.web.servlet.MockMvcPrintOnlyOnFailureTestExecutionListener@46e190ed, org.springframework.boot.test.autoconfigure.web.servlet.WebDriverTestExecutionListener@383c3eb3, org.springframework.boot.test.autoconfigure.webservices.client.MockWebServiceServerTestExecutionListener@20ab76ee, org.springframework.boot.test.mock.mockito.ResetMocksTestExecutionListener@485caa8f]
20:52:07.096 [Test worker] DEBUG org.springframework.test.context.support.AbstractDirtiesContextTestExecutionListener - Before test class: context [DefaultTestContext@568750b7 testClass = HrmanamentApplicationTests, testInstance = [null], testMethod = [null], testException = [null], mergedContextConfiguration = [WebMergedContextConfiguration@3e28fee1 testClass = HrmanamentApplicationTests, locations = '{}', classes = '{class com.hrManagement.HrmanamentApplication}', contextInitializerClasses = '[]', activeProfiles = '{test}', propertySourceLocations = '{}', propertySourceProperties = '{org.springframework.boot.test.context.SpringBootTestContextBootstrapper=true}', contextCustomizers = set[org.springframework.boot.test.autoconfigure.actuate.metrics.MetricsExportContextCustomizerFactory$DisableMetricExportContextCustomizer@639aba11, org.springframework.boot.test.autoconfigure.properties.PropertyMappingContextCustomizer@0, org.springframework.boot.test.autoconfigure.web.servlet.WebDriverContextCustomizerFactory$Customizer@5e8cda75, org.springframework.boot.test.context.filter.ExcludeFilterContextCustomizer@4d1f1ff5, org.springframework.boot.test.json.DuplicateJsonObjectContextCustomizerFactory$DuplicateJsonObjectContextCustomizer@131ff6fa, org.springframework.boot.test.mock.mockito.MockitoContextCustomizer@0, org.springframework.boot.test.web.client.TestRestTemplateContextCustomizer@7139bd31, org.springframework.boot.test.context.SpringBootTestArgs@1, org.springframework.boot.test.context.SpringBootTestWebEnvironment@780ec4a5], resourceBasePath = 'src/main/webapp', contextLoader = 'org.springframework.boot.test.context.SpringBootContextLoader', parent = [null]], attributes = map['org.springframework.test.context.web.ServletTestExecutionListener.activateListener' -> true]], class annotated with @DirtiesContext [false] with mode [null].

  .   ____          _            __ _ _
 /\\ / ___'_ __ _ _(_)_ __  __ _ \ \ \ \
( ( )\___ | '_ | '_| | '_ \/ _` | \ \ \ \
 \\/  ___)| |_)| | | | | || (_| |  ) ) ) )
  '  |____| .__|_| |_|_| |_\__, | / / / /
 =========|_|==============|___/=/_/_/_/
 :: Spring Boot ::               (v2.7.15)

2023-09-27 20:52:08.688  INFO 20740 --- [    Test worker] c.h.HrmanamentApplicationTests           : Starting HrmanamentApplicationTests using Java 17.0.6 on DESKTOP-OJ4FGVN with PID 20740 (started by SEBASTIAN in C:\Users\SEBASTIAN\Desktop\Arquitectura\HR-Management\HR-Management\hrmanament)
2023-09-27 20:52:08.693  INFO 20740 --- [    Test worker] c.h.HrmanamentApplicationTests           : The following 1 profile is active: "test"
2023-09-27 20:52:10.192  INFO 20740 --- [    Test worker] .s.d.r.c.RepositoryConfigurationDelegate : Bootstrapping Spring Data JPA repositories in DEFAULT mode.
2023-09-27 20:52:10.400  INFO 20740 --- [    Test worker] .s.d.r.c.RepositoryConfigurationDelegate : Finished Spring Data repository scanning in 189 ms. Found 2 JPA repository interfaces.
2023-09-27 20:52:12.338  INFO 20740 --- [    Test worker] o.hibernate.jpa.internal.util.LogHelper  : HHH000204: Processing PersistenceUnitInfo [name: default]
2023-09-27 20:52:12.533  INFO 20740 --- [    Test worker] org.hibernate.Version                    : HHH000412: Hibernate ORM core version 5.6.15.Final
2023-09-27 20:52:13.113  INFO 20740 --- [    Test worker] o.hibernate.annotations.common.Version   : HCANN000001: Hibernate Commons Annotations {5.1.2.Final}
2023-09-27 20:52:13.690  INFO 20740 --- [    Test worker] com.zaxxer.hikari.HikariDataSource       : HikariPool-1 - Starting...
2023-09-27 20:52:14.963  INFO 20740 --- [    Test worker] com.zaxxer.hikari.HikariDataSource       : HikariPool-1 - Start completed.
2023-09-27 20:52:15.058  INFO 20740 --- [    Test worker] org.hibernate.dialect.Dialect            : HHH000400: Using dialect: org.hibernate.dialect.H2Dialect
2023-09-27 20:52:17.026  INFO 20740 --- [    Test worker] o.h.e.t.j.p.i.JtaPlatformInitiator       : HHH000490: Using JtaPlatform implementation: [org.hibernate.engine.transaction.jta.platform.internal.NoJtaPlatform]
2023-09-27 20:52:17.075  INFO 20740 --- [    Test worker] j.LocalContainerEntityManagerFactoryBean : Initialized JPA EntityManagerFactory for persistence unit 'default'
2023-09-27 20:52:18.816  WARN 20740 --- [    Test worker] JpaBaseConfiguration$JpaWebConfiguration : spring.jpa.open-in-view is enabled by default. Therefore, database queries may be performed during view rendering. Explicitly configure spring.jpa.open-in-view to disable this warning
2023-09-27 20:52:20.785  INFO 20740 --- [    Test worker] c.h.HrmanamentApplicationTests           : Started HrmanamentApplicationTests in 13.429 seconds (JVM running for 17.722)
]]></system-out>
  <system-err><![CDATA[]]></system-err>
</testsuite>
